#
# A fatal error has been detected by the Java Runtime Environment:
#
#  SIGSEGV (0xb) at pc=0x000071a53e095f78, pid=165657, tid=165658
#
# JRE version: OpenJDK Runtime Environment Temurin-25.0.1+8 (25.0.1+8) (build 25.0.1+8-LTS)
# Java VM: OpenJDK 64-Bit Server VM Temurin-25.0.1+8 (25.0.1+8-LTS, mixed mode, sharing, tiered, compressed oops, compressed class ptrs, g1 gc, linux-amd64)
# Problematic frame:
# C  [libLLVM.so.20.1+0x1695f78]  llvm::EVT::getExtendedSizeInBits() const+0x8
#
# Core dump will be written. Default location: Core dumps may be processed with "/usr/lib/systemd/systemd-coredump %P %u %g %s %t 9223372036854775808 %h %d" (or dumping to /home/simon/code/java/SLPaint/core.165657)
#
# If you would like to submit a bug report, please visit:
#   https://github.com/adoptium/adoptium-support/issues
# The crash happened outside the Java Virtual Machine in native code.
# See problematic frame for where to report the bug.
#

---------------  S U M M A R Y ------------

Command Line: -agentlib:jdwp=transport=dt_socket,server=n,suspend=y,address=localhost:46613 --enable-native-access=ALL-UNNAMED --sun-misc-unsafe-memory-access=allow -XX:+ShowCodeDetailsInExceptionMessages main.MainLoop

Host: AMD Ryzen 5 7520U with Radeon Graphics, 16 cores, 6G, Linux Mint 22.3 Zena
Time: Sat Feb  7 22:39:59 2026 CET elapsed time: 39.934473 seconds (0d 0h 0m 39s)

---------------  T H R E A D  ---------------

Current thread (0x000071a5c002c950):  JavaThread "main"             [_thread_in_native, id=165658, stack(0x000071a5c7900000,0x000071a5c7a00000) (1024K)]

Stack: [0x000071a5c7900000,0x000071a5c7a00000],  sp=0x000071a5c79f4548,  free space=977k
Native frames: (J=compiled Java code, j=interpreted, Vv=VM code, C=native code)
C  [libLLVM.so.20.1+0x1695f78]  llvm::EVT::getExtendedSizeInBits() const+0x8