#
# A fatal error has been detected by the Java Runtime Environment:
#
#  SIGSEGV (0xb) at pc=0x00007a5a11b6a44c, pid=18316, tid=18317
#
# JRE version: Java(TM) SE Runtime Environment (22.0.1+8) (build 22.0.1+8-16)
# Java VM: Java HotSpot(TM) 64-Bit Server VM (22.0.1+8-16, mixed mode, sharing, tiered, compressed oops, compressed class ptrs, g1 gc, linux-amd64)
# Problematic frame:
# C  [libgallium-24.2.8-1ubuntu1~24.04.1.so+0x36a44c]
#
# Core dump will be written. Default location: Core dumps may be processed with "/usr/lib/systemd/systemd-coredump %P %u %g %s %t 9223372036854775808 %h" (or dumping to /home/simon/code/java/SLPaint/core.18316)
#
# If you would like to submit a bug report, please visit:
#   https://bugreport.java.com/bugreport/crash.jsp
# The crash happened outside the Java Virtual Machine in native code.
# See problematic frame for where to report the bug.
#

---------------  S U M M A R Y ------------

Command Line: -agentlib:jdwp=transport=dt_socket,server=n,suspend=y,address=localhost:34819 -XX:+ShowCodeDetailsInExceptionMessages main.MainLoop

Host: AMD Ryzen 5 7520U with Radeon Graphics, 16 cores, 6G, Linux Mint 22.1 Xia
Time: Wed Apr  9 11:12:23 2025 CEST elapsed time: 7.128916 seconds (0d 0h 0m 7s)

---------------  T H R E A D  ---------------

Current thread (0x00007a5a4002ca80):  JavaThread "main"             [_thread_in_native, id=18317, stack(0x00007a5a45b00000,0x00007a5a45c00000) (1024K)]

Stack: [0x00007a5a45b00000,0x00007a5a45c00000],  sp=0x00007a5a45bfdd80,  free space=1015k
Native frames: (J=compiled Java code, j=interpreted, Vv=VM code, C=native code)
C  [libgallium-24.2.8-1ubuntu1~24.04.1.so+0x36a44c]
C  [libgallium-24.2.8-1ubuntu1~24.04.1.so+0x3a948c]
C  [libgallium-24.2.8-1ubuntu1~24.04.1.so+0x3e65c6]
C  [libgallium-24.2.8-1ubuntu1~24.04.1.so+0x43d5ab]
C  [libgallium-24.2.8-1ubuntu1~24.04.1.so+0x3e6d77]
C  [libgallium-24.2.8-1ubuntu1~24.04.1.so+0x3e73d5]
Java frames: (J=compiled Java code, j=interpreted, Vv=VM code)
j  org.lwjgl.system.JNI.callPV(IIIIII[IJ)V+0
j  org.lwjgl.opengl.GL11C.glReadPixels(IIIIII[I)V+32
j  org.lwjgl.opengl.GL11.glReadPixels(IIIIII[I)V+10
j  renderEngine.AppRenderer.renderTextToImage(Ljava/lang/String;IIILrenderEngine/fonts/TextFont;Lmain/Image;)V+129
j  main.apps.MainApp.renderTextToImage(Ljava/lang/String;IIILrenderEngine/fonts/TextFont;)V+15
j  main.tools.TextTool.flattenText()V+24
j  main.tools.TextTool$$Lambda+0x00007a59c70d5d80.run()V+4
j  main.tools.ImageTool.keyPressed(II)V+63
j  main.apps.MainApp.keyPressed(II)V+30
j  main.apps.App.update(D)V+265
J 1996 c1 main.apps.MainApp.update(D)V (205 bytes) @ 0x00007a5a28f15ddc [0x00007a5a28f15d40+0x000000000000009c]
j  main.MainLoop.main([Ljava/lang/String;)V+84
v  ~StubRoutines::call_stub 0x00007a5a30137cc6

siginfo: si_signo: 11 (SIGSEGV), si_code: 2 (SEGV_ACCERR), si_addr: 0x00007a5a41b54000

Registers:
RAX=0x0000000000000004, RBX=0x0000000000000002, RCX=0x0000000000000003, RDX=0x0000000000000000
RSP=0x00007a5a45bfdd80, RBP=0x00007a5a45bfde20, RSI=0x0000000000000000, RDI=0x0000000000000000
R8 =0x0000000000000001, R9 =0x00007a5a41b544c0, R10=0x00007a5a07037014, R11=0x00007a5a41b54010
R12=0x00007a5a45bfddc0, R13=0x0000000000000003, R14=0x0000000000000001, R15=0x00007a5a45bfded4
RIP=0x00007a5a11b6a44c, EFLAGS=0x0000000000010206, CSGSFS=0x002b000000000033, ERR=0x0000000000000006
  TRAPNO=0x000000000000000e


Register to memory mapping:

RAX=0x0000000000000004 is an unknown value
RBX=0x0000000000000002 is an unknown value
RCX=0x0000000000000003 is an unknown value
RDX=0x0 is null
RSP=0x00007a5a45bfdd80 is pointing into the stack for thread: 0x00007a5a4002ca80
RBP=0x00007a5a45bfde20 is pointing into the stack for thread: 0x00007a5a4002ca80
RSI=0x0 is null
RDI=0x0 is null
R8 =0x0000000000000001 is an unknown value
R9 =0x00007a5a41b544c0 is an unknown value
R10=0x00007a5a07037014 points into unknown readable memory: 00 00 00 00
R11=0x00007a5a41b54010 is an unknown value
R12=0x00007a5a45bfddc0 is pointing into the stack for thread: 0x00007a5a4002ca80
R13=0x0000000000000003 is an unknown value
R14=0x0000000000000001 is an unknown value
R15=0x00007a5a45bfded4 is pointing into the stack for thread: 0x00007a5a4002ca80

Top of Stack: (sp=0x00007a5a45bfdd80)
0x00007a5a45bfdd80:   00007a5a4186cfd0 00007a5a4186cfdc
0x00007a5a45bfdd90:   00007a5a45bfde80 00007a5a1217d0d6
0x00007a5a45bfdda0:   00007a5a40a1e7b0 00000190409f8530
0x00007a5a45bfddb0:   0000000000000000 00007a5a41066d50
0x00007a5a45bfddc0:   0000000000000000 0000000000000000
0x00007a5a45bfddd0:   7fffffff00000000 0000000000000000
0x00007a5a45bfdde0:   0000000000000000 10b26ba1aaa45100
0x00007a5a45bfddf0:   0000000000000000 000000000000007e
0x00007a5a45bfde00:   00007a5a41b52bc0 00007a5a07036b00
0x00007a5a45bfde10:   0000000000000001 00007a5a45bfded4
0x00007a5a45bfde20:   00007a5a45bfdf10 00007a5a11ba948c
0x00007a5a45bfde30:   00007a5a00000001 0000000000000190
0x00007a5a45bfde40:   0000000000000190 00007a5a11ba9300
0x00007a5a45bfde50:   000000ff0605ff04 00007a5a41066ce0
0x00007a5a45bfde60:   0000000000000190 00007a5a45bfdfb8
0x00007a5a45bfde70:   01017a5a45bfdfb0 0000000000000000
0x00007a5a45bfde80:   00007a5a45bfdf00 8006889600000004
0x00007a5a45bfde90:   00007a5a00000000 0000000600000004
0x00007a5a45bfdea0:   0000000000000190 0000000000000700
0x00007a5a45bfdeb0:   0000000000001900 0000000000000190
0x00007a5a45bfdec0:   00007a5a00010000 0302010003020100
0x00007a5a45bfded0:   0302010003020100 10b26ba1aaa45100
0x00007a5a45bfdee0:   00007a5a11735010 0000000000000700
0x00007a5a45bfdef0:   00007a5a11735010 00007a5a41066ce0
0x00007a5a45bfdf00:   0000000000000000 0000000000001908
0x00007a5a45bfdf10:   00007a5a45bfe000 00007a5a11be65c6
0x00007a5a45bfdf20:   0000000000000190 0000000000000190
0x00007a5a45bfdf30:   0000000000000000 00007a5a11be6788
0x00007a5a45bfdf40:   00007a5a45bfdd00 00001900007d24c8
0x00007a5a45bfdf50:   00007a5a41a8f6c0 0000000080068896
0x00007a5a45bfdf60:   0000000000000190 00007a5a00000000
0x00007a5a45bfdf70:   0000000000000000 0000000000000035 

Instructions: (pc=0x00007a5a11b6a44c)
0x00007a5a11b6a34c:   de 66 0f 62 c5 66 0f 6c c3 41 0f 11 04 03 48 83
0x00007a5a11b6a35c:   c0 10 48 39 c1 0f 85 61 ff ff ff e9 c4 ad ff ff
0x00007a5a11b6a36c:   41 83 f8 04 0f 85 ba ad ff ff 8b 45 18 85 c0 0f
0x00007a5a11b6a37c:   8e af ad ff ff 48 63 45 18 4c 8d 65 a0 4d 8d 04
0x00007a5a11b6a38c:   83 0f 1f 00 31 c0 41 0f b6 0c 02 69 f1 80 80 80
0x00007a5a11b6a39c:   00 d1 e9 01 f1 41 89 0c 84 48 83 c0 01 48 83 f8
0x00007a5a11b6a3ac:   04 75 e3 8b 44 95 a0 49 83 c3 04 49 83 c2 04 41
0x00007a5a11b6a3bc:   89 43 fc 4d 39 c3 75 cc e9 67 ad ff ff 41 83 f8
0x00007a5a11b6a3cc:   04 0f 85 5d ad ff ff 8b 4d 18 85 c9 0f 8e 52 ad
0x00007a5a11b6a3dc:   ff ff 4c 63 4d 18 4c 8d 65 a0 44 0f b6 c6 40 0f
0x00007a5a11b6a3ec:   b6 df 41 0f b6 cd 49 c1 e1 04 4d 01 d9 0f 1f 80
0x00007a5a11b6a3fc:   00 00 00 00 31 c0 41 0f b6 34 02 69 fe 80 80 80
0x00007a5a11b6a40c:   00 d1 ee 01 fe 41 89 34 84 48 83 c0 01 48 83 f8
0x00007a5a11b6a41c:   04 75 e3 66 0f 6e 4c 9d a0 49 83 c3 10 49 83 c2
0x00007a5a11b6a42c:   04 66 0f 6e 7c 8d a0 66 0f 6e 44 95 a0 66 42 0f
0x00007a5a11b6a43c:   6e 74 85 a0 66 0f 62 cf 66 0f 62 c6 66 0f 6c c1
0x00007a5a11b6a44c:   41 0f 11 43 f0 4d 39 cb 75 aa e9 d5 ac ff ff 41
0x00007a5a11b6a45c:   83 f8 04 0f 85 cb ac ff ff 8b 45 18 85 c0 0f 8e
0x00007a5a11b6a46c:   c0 ac ff ff 48 63 45 18 66 0f ef db 49 8d 04 c2
0x00007a5a11b6a47c:   0f 1f 40 00 f3 41 0f 7e 02 49 83 c2 08 49 83 c3
0x00007a5a11b6a48c:   0c 66 0f 6f c8 66 0f 61 c3 66 0f 61 cb 66 0f 70
0x00007a5a11b6a49c:   c0 4e 66 0f 6f d1 66 0f 72 d1 01 66 0f 72 f2 0f
0x00007a5a11b6a4ac:   66 0f fe ca 66 0f d6 4d a0 66 0f 6f c8 66 0f 72
0x00007a5a11b6a4bc:   f0 0f 66 0f 72 d1 01 66 0f fe c1 66 0f d6 45 a8
0x00007a5a11b6a4cc:   66 0f 6e 44 95 a0 66 0f 6e 7c b5 a0 8b 4c bd a0
0x00007a5a11b6a4dc:   66 0f 62 c7 66 41 0f d6 43 f4 41 89 4b fc 49 39
0x00007a5a11b6a4ec:   c2 75 91 e9 3c ac ff ff 41 83 f8 04 0f 85 32 ac
0x00007a5a11b6a4fc:   ff ff 8b 7d 18 85 ff 0f 8e 27 ac ff ff 48 63 45
0x00007a5a11b6a50c:   18 66 0f ef db 49 8d 3c c2 0f 1f 00 f3 41 0f 7e
0x00007a5a11b6a51c:   02 66 0f 6f cb 49 83 c2 08 49 83 c3 0c 66 0f 65
0x00007a5a11b6a52c:   c8 66 0f 6f d0 66 0f 61 c1 66 0f 61 d1 66 0f 70
0x00007a5a11b6a53c:   c0 4e 66 0f d6 55 a0 66 0f d6 45 a8 66 0f 6e 44 


Stack slot to memory mapping:

stack at sp + 0 slots: 0x00007a5a4186cfd0 points into unknown readable memory: 0x00007a5a41075740 | 40 57 07 41 5a 7a 00 00
stack at sp + 1 slots: 0x00007a5a4186cfdc points into unknown readable memory: 00 00 00 00
stack at sp + 2 slots: 0x00007a5a45bfde80 is pointing into the stack for thread: 0x00007a5a4002ca80
stack at sp + 3 slots: 0x00007a5a1217d0d6: <offset 0x000000000097d0d6> in /lib/x86_64-linux-gnu/libgallium-24.2.8-1ubuntu1~24.04.1.so at 0x00007a5a11800000
stack at sp + 4 slots: 0x00007a5a40a1e7b0 points into unknown readable memory: 0x00007a5a11f11a10 | 10 1a f1 11 5a 7a 00 00
stack at sp + 5 slots: 0x00000190409f8530 is an unknown value
stack at sp + 6 slots: 0x0 is null
stack at sp + 7 slots: 0x00007a5a41066d50 points into unknown readable memory: 0x00007a5a4186cfd0 | d0 cf 86 41 5a 7a 00 00


Compiled method (c1) 7132 1996       3       main.apps.MainApp::update (205 bytes)
 total in heap  [0x00007a5a28f15a90,0x00007a5a28f16ea0] = 5136
 relocation     [0x00007a5a28f15be0,0x00007a5a28f15d38] = 344
 main code      [0x00007a5a28f15d40,0x00007a5a28f16770] = 2608
 stub code      [0x00007a5a28f16770,0x00007a5a28f16840] = 208
 oops           [0x00007a5a28f16840,0x00007a5a28f16848] = 8
 metadata       [0x00007a5a28f16848,0x00007a5a28f168b8] = 112
 scopes data    [0x00007a5a28f168b8,0x00007a5a28f16b38] = 640
 scopes pcs     [0x00007a5a28f16b38,0x00007a5a28f16df8] = 704
 dependencies   [0x00007a5a28f16df8,0x00007a5a28f16e18] = 32
 nul chk table  [0x00007a5a28f16e18,0x00007a5a28f16ea0] = 136

[Constant Pool (empty)]

[MachCode]
[Entry Point]
  # {method} {0x00007a59bc501cd8} 'update' '(D)V' in 'main/apps/MainApp'
  # this:     rsi:rsi   = 'main/apps/MainApp'
  # parm0:    xmm0:xmm0   = double
  #           [sp+0xc0]  (sp of caller)
  0x00007a5a28f15d40: 448b 5608 | 49bb 0000 | 00c6 597a | 0000 4d03 | d34c 3bd0 

  0x00007a5a28f15d54: ;   {runtime_call ic_miss_stub}
  0x00007a5a28f15d54: 0f85 26f3 | 2607 660f | 1f44 0000 
[Verified Entry Point]
  0x00007a5a28f15d60: 8984 2400 | c0fe ff55 | 4881 ecb0 | 0000 0090 | 4181 7f20 | 0100 0000 

  0x00007a5a28f15d78: ;   {runtime_call StubRoutines (final stubs)}
  0x00007a5a28f15d78: 7405 e801 | 5725 0748 | 8974 2458 | c5fb 1184 | 24a0 0000 

  0x00007a5a28f15d8c: ;   {metadata(method data for {method} {0x00007a59bc501cd8} 'update' '(D)V' in 'main/apps/MainApp')}
  0x00007a5a28f15d8c: 0048 bf60 | ab8f bc59 | 7a00 008b | 9ff4 0000 | 0083 c302 | 899f f400 | 0000 81e3 | fe07 0000 
  0x00007a5a28f15dac: 85db 0f84 | d607 0000 

  0x00007a5a28f15db4: ;   {metadata(method data for {method} {0x00007a59bc501cd8} 'update' '(D)V' in 'main/apps/MainApp')}
  0x00007a5a28f15db4: 488b fe48 | bb60 ab8f | bc59 7a00 | 0048 8383 | 4001 0000 | 01c5 f928 | c8c5 f928 | c148 8bfe 
  0x00007a5a28f15dd4: ;   {optimized virtual_call}
  0x00007a5a28f15dd4: 488b f7e8 

  0x00007a5a28f15dd8: ; ImmutableOopMap {[88]=Oop }
                      ;*invokespecial update {reexecute=0 rethrow=0 return_oop=0}
                      ; - main.apps.MainApp::update@2 (line 197)
  0x00007a5a28f15dd8: 9909 0000 

  0x00007a5a28f15ddc: ;   {other}
  0x00007a5a28f15ddc: 0f1f 8400 | 4c03 0000 | 488b 7424 | 588b 7e0c 

  0x00007a5a28f15dec: ;   {metadata(method data for {method} {0x00007a59bc501cd8} 'update' '(D)V' in 'main/apps/MainApp')}
  0x00007a5a28f15dec: 83ff 0148 | bf60 ab8f | bc59 7a00 | 0048 c7c3 | 5001 0000 | 7507 48c7 | c360 0100 | 0048 8b04 
  0x00007a5a28f15e0c: 1f48 8d40 | 0148 8904 | 1f0f 852e | 0000 0048 

  0x00007a5a28f15e1c: ;   {metadata(method data for {method} {0x00007a59bc501cd8} 'update' '(D)V' in 'main/apps/MainApp')}
  0x00007a5a28f15e1c: 8bfe 48bb | 60ab 8fbc | 597a 0000 | 4883 8370 | 0100 0001 | 488b fe48 

  0x00007a5a28f15e34: ;   {optimized virtual_call}
  0x00007a5a28f15e34: 8bf7 90e8 

  0x00007a5a28f15e38: ; ImmutableOopMap {[88]=Oop }
                      ;*invokevirtual resetImageTransform {reexecute=0 rethrow=0 return_oop=0}
                      ; - main.apps.MainApp::update@14 (line 202)
  0x00007a5a28f15e38: 44f5 2607 

  0x00007a5a28f15e3c: ;   {other}
  0x00007a5a28f15e3c: 0f1f 8400 | ac03 0001 | 488b 7424 | 5848 8bfe 

  0x00007a5a28f15e4c: ;   {metadata(method data for {method} {0x00007a59bc501cd8} 'update' '(D)V' in 'main/apps/MainApp')}
  0x00007a5a28f15e4c: 48bb 60ab | 8fbc 597a | 0000 4883 | 83a0 0100 

  0x00007a5a28f15e5c: ;   {metadata(method data for {method} {0x00007a59bc503f78} 'getMouseImagePosition' '()[I' in 'main/apps/MainApp')}
  0x00007a5a28f15e5c: 0001 48bf | 4869 8fbc | 597a 0000 | 8b9f f400 | 0000 83c3 | 0289 9ff4 | 0000 0081 | e3fe ff1f 
  0x00007a5a28f15e7c: 0085 db0f | 8426 0700 | 008b 7e20 

  0x00007a5a28f15e88: ; implicit exception: dispatches to 0x00007a5a28f165cc
  0x00007a5a28f15e88: 483b 0748 

  0x00007a5a28f15e8c: ;   {metadata(method data for {method} {0x00007a59bc503f78} 'getMouseImagePosition' '()[I' in 'main/apps/MainApp')}
  0x00007a5a28f15e8c: 8bdf 48b8 | 4869 8fbc | 597a 0000 | 4883 8050 | 0100 0001 | 488b f70f 

  0x00007a5a28f15ea4: ;   {optimized virtual_call}
  0x00007a5a28f15ea4: 1f40 00e8 

  0x00007a5a28f15ea8: ; ImmutableOopMap {[88]=Oop }
                      ;*invokevirtual getMousePosition {reexecute=0 rethrow=0 return_oop=0}
                      ; - main.apps.MainApp::getMouseImagePosition@5 (line 565)
                      ; - main.apps.MainApp::update@18 (line 205)
  0x00007a5a28f15ea8: 3484 fbff 

  0x00007a5a28f15eac: ;   {other}
  0x00007a5a28f15eac: 0f1f 8400 | 1c04 0002 | 488b 7424 

  0x00007a5a28f15eb8: ;   {metadata(method data for {method} {0x00007a59bc503f78} 'getMouseImagePosition' '()[I' in 'main/apps/MainApp')}
  0x00007a5a28f15eb8: 5848 ba48 | 698f bc59 | 7a00 0048 | 8382 7001 | 0000 0148 | 8bd0 488b | 7424 580f 

  0x00007a5a28f15ed4: ;   {optimized virtual_call}
  0x00007a5a28f15ed4: 1f40 00e8 

  0x00007a5a28f15ed8: ; ImmutableOopMap {[88]=Oop }
                      ;*invokevirtual getMouseImagePosition {reexecute=0 rethrow=0 return_oop=0}
                      ; - main.apps.MainApp::getMouseImagePosition@8 (line 565)
                      ; - main.apps.MainApp::update@18 (line 205)
  0x00007a5a28f15ed8: a407 fdff 

  0x00007a5a28f15edc: ;   {other}
  0x00007a5a28f15edc: 0f1f 8400 | 4c04 0003 | 4889 4424 | 7083 780c | 000f 86e8 | 0600 008b | 7810 897c | 2460 8378 
  0x00007a5a28f15efc: 0c01 0f86 | e906 0000 | 8b58 1489 

  0x00007a5a28f15f08: ;   {metadata(method data for {method} {0x00007a59bc501cd8} 'update' '(D)V' in 'main/apps/MainApp')}
  0x00007a5a28f15f08: 5c24 6448 | ba60 ab8f | bc59 7a00 | 00ff 82d0 | 0100 00b9 | 0000 0000 | 488b 7424 | 588b 5628 
  0x00007a5a28f15f28: ; implicit exception: dispatches to 0x00007a5a28f165ff
  0x00007a5a28f15f28: 448b 420c | 413b c841 | b902 0000 | 007c 0641 | b900 0000 

  0x00007a5a28f15f3c: ;   {metadata(method data for {method} {0x00007a59bc501cd8} 'update' '(D)V' in 'main/apps/MainApp')}
  0x00007a5a28f15f3c: 0049 bb60 | ab8f bc59 | 7a00 0045 | 8bab f800 | 0000 4503 | e945 89ab | f800 0000 | 4585 c975 
  0x00007a5a28f15f5c: 0641 bd02 | 0000 0041 | 81e5 fe3f | 0000 4585 | ed0f 8491 | 0600 004d | 8b97 6004 

  0x00007a5a28f15f78: ; ImmutableOopMap {rsi=Oop rdx=Oop [88]=Oop [112]=Oop }
                      ;*if_icmplt {reexecute=1 rethrow=0 return_oop=0}
                      ; - (reexecute) main.apps.MainApp::update@100 (line 210)
                      ;   {poll}
  0x00007a5a28f15f78: 0000 4185 | 0241 3bc8 

  0x00007a5a28f15f80: ;   {metadata(method data for {method} {0x00007a59bc501cd8} 'update' '(D)V' in 'main/apps/MainApp')}
  0x00007a5a28f15f80: 49b8 60ab | 8fbc 597a | 0000 49c7 | c198 0200 | 007d 0749 | c7c1 8802 | 0000 4f8b | 1c08 4d8d 
  0x00007a5a28f15fa0: 5b01 4f89 | 1c08 0f8d | a301 0000 | 4c63 c142 | 0fbe 5402 

  0x00007a5a28f15fb4: ;   {metadata(method data for {method} {0x00007a59bc501cd8} 'update' '(D)V' in 'main/apps/MainApp')}
  0x00007a5a28f15fb4: 1085 d248 | ba60 ab8f | bc59 7a00 | 0049 c7c0 | f801 0000 | 7507 49c7 | c0e8 0100 | 004e 8b0c 
  0x00007a5a28f15fd4: 024d 8d49 | 014e 890c | 020f 8509 | 0000 0089 | 4c24 68e9 | 5801 0000 | 8b56 2481 | 7a0c 5501 
  0x00007a5a28f15ff4: 0000 0f86 | 3306 0000 | 0fbe 9265 | 0100 0085 

  0x00007a5a28f16004: ;   {metadata(method data for {method} {0x00007a59bc501cd8} 'update' '(D)V' in 'main/apps/MainApp')}
  0x00007a5a28f16004: d248 ba60 | ab8f bc59 | 7a00 0049 | c7c0 0802 | 0000 7507 | 49c7 c018 | 0200 004e | 8b0c 024d 
  0x00007a5a28f16024: 8d49 014e | 890c 0289 | 4c24 680f | 850f 0100 | 008b 5630 

  0x00007a5a28f16038: ;   {metadata(method data for {method} {0x00007a59bc501cd8} 'update' '(D)V' in 'main/apps/MainApp')}
  0x00007a5a28f16038: 4c8b c649 | b960 ab8f | bc59 7a00 | 0049 8381 | 2802 0000 | 014c 8bc6 | 498b f00f 

  0x00007a5a28f16054: ;   {optimized virtual_call}
  0x00007a5a28f16054: 1f40 00e8 

  0x00007a5a28f16058: ; ImmutableOopMap {[88]=Oop [112]=Oop }
                      ;*invokevirtual getMouseImagePosition {reexecute=0 rethrow=0 return_oop=0}
                      ; - main.apps.MainApp::update@64 (line 214)
  0x00007a5a28f16058: 24f3 2607 

  0x00007a5a28f1605c: ;   {other}
  0x00007a5a28f1605c: 0f1f 8400 | cc05 0005 | 488b 7424 | 588b 5e64 

  0x00007a5a28f1606c: ; implicit exception: dispatches to 0x00007a5a28f16641
  0x00007a5a28f1606c: 8378 0c00 | 0f86 d505 | 0000 448b | 4010 8378 | 0c01 0f86 | d905 0000 | 448b 4814 

  0x00007a5a28f16088: ; implicit exception: dispatches to 0x00007a5a28f1666f
  0x00007a5a28f16088: 483b 0348 

  0x00007a5a28f1608c: ;   {metadata(method data for {method} {0x00007a59bc501cd8} 'update' '(D)V' in 'main/apps/MainApp')}
  0x00007a5a28f1608c: 8bd3 48b9 | 60ab 8fbc | 597a 0000 | 8b52 0849 | ba00 0000 | c659 7a00 | 0049 03d2 | 483b 9160 
  0x00007a5a28f160ac: 0200 0075 | 0d48 8381 | 6802 0000 | 01e9 6000 | 0000 483b | 9170 0200 | 0075 0d48 | 8381 7802 
  0x00007a5a28f160cc: 0000 01e9 | 4a00 0000 | 4883 b960 | 0200 0000 | 7517 4889 | 9160 0200 | 0048 c781 | 6802 0000 
  0x00007a5a28f160ec: 0100 0000 | e929 0000 | 0048 83b9 | 7002 0000 | 0075 1748 | 8991 7002 | 0000 48c7 | 8178 0200 
  0x00007a5a28f1610c: 0001 0000 | 00e9 0800 | 0000 4883 | 8158 0200 | 0001 8b54 | 2460 8b4c | 2464 8b7c | 2468 488b 
  0x00007a5a28f1612c: f348 8944 | 2478 0f1f 

  0x00007a5a28f16134: ;   {optimized virtual_call}
  0x00007a5a28f16134: 4400 00e8 

  0x00007a5a28f16138: ; ImmutableOopMap {[88]=Oop [112]=Oop [120]=Oop }
                      ;*invokevirtual mouseDragged {reexecute=0 rethrow=0 return_oop=0}
                      ; - main.apps.MainApp::update@87 (line 215)
  0x00007a5a28f16138: 44f2 2607 

  0x00007a5a28f1613c: ;   {other}
  0x00007a5a28f1613c: 0f1f 8400 | ac06 0006 | 8b4c 2468 | ffc1 e9d1 | fdff ff83 | 7a0c 010f | 861b 0500 | 000f be52 
  0x00007a5a28f1615c: ;   {metadata(method data for {method} {0x00007a59bc501cd8} 'update' '(D)V' in 'main/apps/MainApp')}
  0x00007a5a28f1615c: 1185 d248 | ba60 ab8f | bc59 7a00 | 0048 c7c6 | a802 0000 | 7407 48c7 | c6b8 0200 | 0048 8b3c 
  0x00007a5a28f1617c: 3248 8d7f | 0148 893c | 3248 8b74 | 2458 0f84 | 4500 0000 | 8b56 2481 | 7a0c 5501 | 0000 0f86 
  0x00007a5a28f1619c: f004 0000 | 0fbe 9265 | 0100 0085 

  0x00007a5a28f161a8: ;   {metadata(method data for {method} {0x00007a59bc501cd8} 'update' '(D)V' in 'main/apps/MainApp')}
  0x00007a5a28f161a8: d248 ba60 | ab8f bc59 | 7a00 0048 | c7c7 c802 | 0000 7507 | 48c7 c7d8 | 0200 0048 | 8b04 3a48 
  0x00007a5a28f161c8: 8d40 0148 | 8904 3a0f | 8504 0000 | 00c6 461e | 000f be56 

  0x00007a5a28f161dc: ;   {metadata(method data for {method} {0x00007a59bc501cd8} 'update' '(D)V' in 'main/apps/MainApp')}
  0x00007a5a28f161dc: 1e85 d248 | ba60 ab8f | bc59 7a00 | 0048 c7c7 | e802 0000 | 7407 48c7 | c7f8 0200 | 0048 8b04 
  0x00007a5a28f161fc: 3a48 8d40 | 0148 8904 | 3a0f 84ae | 0100 0089 

  0x00007a5a28f1620c: ;   {metadata('sutil/math/SVector')}
  0x00007a5a28f1620c: 4c24 6848 | ba08 2b0c | c759 7a00 | 0048 8bde | 498b 87b8 | 0100 0048 | 8d78 4849 | 3bbf c801 
  0x00007a5a28f1622c: 0000 0f87 | 6e04 0000 | 4989 bfb8 | 0100 0048 | c700 0100 | 0000 488b | ca49 ba00 | 0000 c659 
  0x00007a5a28f1624c: 7a00 0049 | 2bca 8948 | 0848 33c9 | 8948 0c48 | 33c9 48c7 | c707 0000 | 0048 894c | f808 48ff 
  0x00007a5a28f1626c: cf75 f68b | 7b2c 488b 

  0x00007a5a28f16274: ;   {metadata(method data for {method} {0x00007a59bc501cd8} 'update' '(D)V' in 'main/apps/MainApp')}
  0x00007a5a28f16274: f048 ba60 | ab8f bc59 | 7a00 0048 | 8382 0803 

  0x00007a5a28f16284: ;   {metadata(method data for {method} {0x00007a59bc5c52f8} '<init>' '(Lsutil/math/SVector;)V' in 'sutil/math/SVector')}
  0x00007a5a28f16284: 0000 0148 | be38 9b8d | bc59 7a00 | 008b 96f4 | 0000 0083 | c202 8996 | f400 0000 | 81e2 feff 
  0x00007a5a28f162a4: 1f00 85d2 | 0f84 0104 | 0000 488b 

  0x00007a5a28f162b0: ;   {metadata(method data for {method} {0x00007a59bc5c52f8} '<init>' '(Lsutil/math/SVector;)V' in 'sutil/math/SVector')}
  0x00007a5a28f162b0: f048 ba38 | 9b8d bc59 | 7a00 0048 | 8382 4001 | 0000 0148 | 8bf0 4889 | bc24 8800 | 0000 4889 
  0x00007a5a28f162d0: 8424 8000 

  0x00007a5a28f162d4: ;   {optimized virtual_call}
  0x00007a5a28f162d4: 0000 90e8 

  0x00007a5a28f162d8: ; ImmutableOopMap {[88]=Oop [112]=Oop [128]=Oop [136]=Oop }
                      ;*invokespecial <init> {reexecute=0 rethrow=0 return_oop=0}
                      ; - sutil.math.SVector::<init>@1 (line 20)
                      ; - main.apps.MainApp::update@143 (line 226)
  0x00007a5a28f162d8: a4f0 2607 

  0x00007a5a28f162dc: ;   {other}
  0x00007a5a28f162dc: 0f1f 8400 | 4c08 0007 | 488b 8424 | 8000 0000 

  0x00007a5a28f162ec: ;   {metadata(method data for {method} {0x00007a59bc5c52f8} '<init>' '(Lsutil/math/SVector;)V' in 'sutil/math/SVector')}
  0x00007a5a28f162ec: 48ba 389b | 8dbc 597a | 0000 4883 | 8260 0100 | 0001 488b | 9424 8800 | 0000 488b | b424 8000 
  0x00007a5a28f1630c: ;   {optimized virtual_call}
  0x00007a5a28f1630c: 0000 90e8 

  0x00007a5a28f16310: ; ImmutableOopMap {[88]=Oop [112]=Oop [128]=Oop [136]=Oop }
                      ;*invokevirtual set {reexecute=0 rethrow=0 return_oop=0}
                      ; - sutil.math.SVector::<init>@6 (line 21)
                      ; - main.apps.MainApp::update@143 (line 226)
  0x00007a5a28f16310: 6cf0 2607 

  0x00007a5a28f16314: ;   {other}
  0x00007a5a28f16314: 0f1f 8400 | 8408 0008 | 488b 7424 | 588b 5630 | 488b 8424 | 8000 0000 

  0x00007a5a28f1632c: ;   {metadata(method data for {method} {0x00007a59bc501cd8} 'update' '(D)V' in 'main/apps/MainApp')}
  0x00007a5a28f1632c: 48bf 60ab | 8fbc 597a 

  0x00007a5a28f16334: ;   {metadata('sutil/math/SVector')}
  0x00007a5a28f16334: 0000 49ba | 082b 0cc7 | 597a 0000 | 4c89 9720 | 0300 0048 | 8387 2803 | 0000 0148 | 8bb4 2480 
  0x00007a5a28f16354: ;   {optimized virtual_call}
  0x00007a5a28f16354: 0000 00e8 

  0x00007a5a28f16358: ; ImmutableOopMap {[88]=Oop [112]=Oop }
                      ;*invokevirtual sub {reexecute=0 rethrow=0 return_oop=0}
                      ; - main.apps.MainApp::update@150 (line 226)
  0x00007a5a28f16358: 24f0 2607 

  0x00007a5a28f1635c: ;   {other}
  0x00007a5a28f1635c: 0f1f 8400 | cc08 0009 | 488b 7424 | 588b 7e74 

  0x00007a5a28f1636c: ; implicit exception: dispatches to 0x00007a5a28f166d0
  0x00007a5a28f1636c: 483b 0748 

  0x00007a5a28f16370: ;   {metadata(method data for {method} {0x00007a59bc501cd8} 'update' '(D)V' in 'main/apps/MainApp')}
  0x00007a5a28f16370: 8bd7 48bb | 60ab 8fbc | 597a 0000 

  0x00007a5a28f1637c: ;   {metadata('sutil/math/SVector')}
  0x00007a5a28f1637c: 49ba 082b | 0cc7 597a | 0000 4c89 | 9350 0300 | 0048 8383 | 5803 0000 | 0148 8bd0 | 488b f748 
  0x00007a5a28f1639c: 8984 2490 | 0000 000f 

  0x00007a5a28f163a4: ;   {optimized virtual_call}
  0x00007a5a28f163a4: 1f40 00e8 

  0x00007a5a28f163a8: ; ImmutableOopMap {[88]=Oop [112]=Oop [144]=Oop }
                      ;*invokevirtual add {reexecute=0 rethrow=0 return_oop=0}
                      ; - main.apps.MainApp::update@161 (line 227)
  0x00007a5a28f163a8: d4ef 2607 

  0x00007a5a28f163ac: ;   {other}
  0x00007a5a28f163ac: 0f1f 8400 | 1c09 000a | 488b 7424 | 588b 5654 

  0x00007a5a28f163bc: ;   {metadata(method data for {method} {0x00007a59bc501cd8} 'update' '(D)V' in 'main/apps/MainApp')}
  0x00007a5a28f163bc: 85d2 48ba | 60ab 8fbc | 597a 0000 | 48c7 c778 | 0300 0075 | 0748 c7c7 | 8803 0000 | 488b 1c3a 
  0x00007a5a28f163dc: 488d 5b01 | 4889 1c3a | 0f85 4700 | 0000 8b56 | 6c48 3b02 

  0x00007a5a28f163f0: ;   {metadata(method data for {method} {0x00007a59bc501cd8} 'update' '(D)V' in 'main/apps/MainApp')}
  0x00007a5a28f163f0: 488b fa48 | bb60 ab8f | bc59 7a00 

  0x00007a5a28f163fc: ;   {metadata('main/ColorPicker')}
  0x00007a5a28f163fc: 0049 ba00 | 1c0c c759 | 7a00 004c | 8993 a003 | 0000 4883 | 83a8 0300 | 0001 8b52 | 3889 564c 
  0x00007a5a28f1641c: ;   {metadata(method data for {method} {0x00007a59bc501cd8} 'update' '(D)V' in 'main/apps/MainApp')}
  0x00007a5a28f1641c: 48ba 60ab | 8fbc 597a | 0000 ff82 | c803 0000 | e932 0000 | 008b 566c 

  0x00007a5a28f16434: ; implicit exception: dispatches to 0x00007a5a28f166da
  0x00007a5a28f16434: 483b 0248 

  0x00007a5a28f16438: ;   {metadata(method data for {method} {0x00007a59bc501cd8} 'update' '(D)V' in 'main/apps/MainApp')}
  0x00007a5a28f16438: 8bfa 48bb | 60ab 8fbc | 597a 0000 

  0x00007a5a28f16444: ;   {metadata('main/ColorPicker')}
  0x00007a5a28f16444: 49ba 001c | 0cc7 597a | 0000 4c89 | 93e8 0300 | 0048 8383 | f003 0000 | 018b 5238 | 8956 5048 
  0x00007a5a28f16464: ;   {metadata(method data for {method} {0x00007a59bc501cd8} 'update' '(D)V' in 'main/apps/MainApp')}
  0x00007a5a28f16464: 8bd6 48bf | 60ab 8fbc | 597a 0000 | 4883 8710 | 0400 0001 

  0x00007a5a28f16478: ;   {metadata(method data for {method} {0x00007a59bc503108} 'getImage' '()Lmain/Image;' in 'main/apps/MainApp')}
  0x00007a5a28f16478: 48ba 403b | 8fbc 597a | 0000 8bba | f400 0000 | 83c7 0289 | baf4 0000 | 0081 e7fe | ff1f 0085 
  0x00007a5a28f16498: ff0f 8440 | 0200 008b | 565c 483b | 0248 8bfa 

  0x00007a5a28f164a8: ;   {metadata(method data for {method} {0x00007a59bc503108} 'getImage' '()Lmain/Image;' in 'main/apps/MainApp')}
  0x00007a5a28f164a8: 48bb 403b | 8fbc 597a | 0000 4883 | 8350 0100 | 0001 8b7a | 1448 3b07 

  0x00007a5a28f164c0: ;   {metadata(method data for {method} {0x00007a59bc501cd8} 'update' '(D)V' in 'main/apps/MainApp')}
  0x00007a5a28f164c0: 488b d748 | bb60 ab8f | bc59 7a00 

  0x00007a5a28f164cc: ;   {metadata('main/Image')}
  0x00007a5a28f164cc: 0049 ba88 | 380c c759 | 7a00 004c | 8993 4804 | 0000 4883 | 8350 0400 

  0x00007a5a28f164e4: ;   {metadata(method data for {method} {0x00007a59bc7050a8} 'updateOpenGLTexture' '()V' in 'main/Image')}
  0x00007a5a28f164e4: 0001 48ba | 30f1 8fbc | 597a 0000 | 8b9a f400 | 0000 83c3 | 0289 9af4 | 0000 0081 | e3fe ff1f 
  0x00007a5a28f16504: 0085 db0f | 84fd 0100 | 000f be57 

  0x00007a5a28f16510: ;   {metadata(method data for {method} {0x00007a59bc7050a8} 'updateOpenGLTexture' '()V' in 'main/Image')}
  0x00007a5a28f16510: 2085 d248 | ba30 f18f | bc59 7a00 | 0048 c7c3 | 4001 0000 | 7407 48c7 | c350 0100 | 0048 8b04 
  0x00007a5a28f16530: 1a48 8d40 | 0148 8904 | 1a0f 8435 | 0000 0048 

  0x00007a5a28f16540: ;   {metadata(method data for {method} {0x00007a59bc7050a8} 'updateOpenGLTexture' '()V' in 'main/Image')}
  0x00007a5a28f16540: 8bd7 49b8 | 30f1 8fbc | 597a 0000 | 4983 8060 | 0100 0001 | ba00 0000 | 0048 8bf7 | 4889 bc24 
  0x00007a5a28f16560: 9800 0000 

  0x00007a5a28f16564: ;   {optimized virtual_call}
  0x00007a5a28f16564: 6666 90e8 

  0x00007a5a28f16568: ; ImmutableOopMap {[88]=Oop [112]=Oop [152]=Oop }
                      ;*invokevirtual updateOpenGLTexture {reexecute=0 rethrow=0 return_oop=0}
                      ; - main.Image::updateOpenGLTexture@9 (line 42)
                      ; - main.apps.MainApp::update@201 (line 237)
  0x00007a5a28f16568: 14ee 2607 

  0x00007a5a28f1656c: ;   {other}
  0x00007a5a28f1656c: 0f1f 8400 | dc0a 000b | 4881 c4b0 | 0000 005d 

  0x00007a5a28f1657c: ;   {poll_return}
  0x00007a5a28f1657c: 493b a758 | 0400 000f | 87a2 0100 

  0x00007a5a28f16588: ;   {metadata({method} {0x00007a59bc501cd8} 'update' '(D)V' in 'main/apps/MainApp')}
  0x00007a5a28f16588: 00c3 49ba | d81c 50bc | 597a 0000 | 4c89 5424 | 0848 c704 | 24ff ffff 

  0x00007a5a28f165a0: ;   {runtime_call counter_overflow Runtime1 stub}
  0x00007a5a28f165a0: ffe8 da24 

  0x00007a5a28f165a4: ; ImmutableOopMap {rsi=Oop [88]=Oop }
                      ;*synchronization entry
                      ; - main.apps.MainApp::update@-1 (line 197)
  0x00007a5a28f165a4: 3407 e909 

  0x00007a5a28f165a8: ;   {metadata({method} {0x00007a59bc503f78} 'getMouseImagePosition' '()[I' in 'main/apps/MainApp')}
  0x00007a5a28f165a8: f8ff ff49 | ba78 3f50 | bc59 7a00 | 004c 8954 | 2408 48c7 | 0424 ffff 

  0x00007a5a28f165c0: ;   {runtime_call counter_overflow Runtime1 stub}
  0x00007a5a28f165c0: ffff e8b9 

  0x00007a5a28f165c4: ; ImmutableOopMap {rsi=Oop [88]=Oop }
                      ;*synchronization entry
                      ; - main.apps.MainApp::getMouseImagePosition@-1 (line 565)
                      ; - main.apps.MainApp::update@18 (line 205)
  0x00007a5a28f165c4: 2434 07e9 | b9f8 ffff 

  0x00007a5a28f165cc: ;   {runtime_call throw_null_pointer_exception Runtime1 stub}
  0x00007a5a28f165cc: e8af c333 

  0x00007a5a28f165d0: ; ImmutableOopMap {rsi=Oop rdi=Oop [88]=Oop }
                      ;*invokevirtual getMousePosition {reexecute=0 rethrow=0 return_oop=0}
                      ; - main.apps.MainApp::getMouseImagePosition@5 (line 565)
                      ; - main.apps.MainApp::update@18 (line 205)
                      ;   {runtime_call throw_null_pointer_exception Runtime1 stub}
  0x00007a5a28f165d0: 07e8 aac3 

  0x00007a5a28f165d4: ; ImmutableOopMap {rax=Oop [88]=Oop [112]=Oop }
                      ;*iaload {reexecute=0 rethrow=0 return_oop=0}
                      ; - main.apps.MainApp::update@24 (line 206)
                      ;   {runtime_call throw_null_pointer_exception Runtime1 stub}
  0x00007a5a28f165d4: 3307 e8a5 

  0x00007a5a28f165d8: ; ImmutableOopMap {rax=Oop [88]=Oop [112]=Oop }
                      ;*iaload {reexecute=0 rethrow=0 return_oop=0}
                      ; - main.apps.MainApp::update@24 (line 206)
  0x00007a5a28f165d8: c333 0748 | c704 2400 | 0000 0048 | 8944 2408 

  0x00007a5a28f165e8: ;   {runtime_call throw_range_check_failed Runtime1 stub}
  0x00007a5a28f165e8: e893 ba33 

  0x00007a5a28f165ec: ; ImmutableOopMap {rax=Oop [88]=Oop [112]=Oop }
                      ;*iaload {reexecute=0 rethrow=0 return_oop=0}
                      ; - main.apps.MainApp::update@24 (line 206)
  0x00007a5a28f165ec: 0748 c704 | 2401 0000 | 0048 8944 

  0x00007a5a28f165f8: ;   {runtime_call throw_range_check_failed Runtime1 stub}
  0x00007a5a28f165f8: 2408 e881 

  0x00007a5a28f165fc: ; ImmutableOopMap {rax=Oop [88]=Oop [112]=Oop }
                      ;*iaload {reexecute=0 rethrow=0 return_oop=0}
                      ; - main.apps.MainApp::update@29 (line 207)
                      ;   {runtime_call throw_null_pointer_exception Runtime1 stub}
  0x00007a5a28f165fc: ba33 07e8 

  0x00007a5a28f16600: ; ImmutableOopMap {rsi=Oop rdx=Oop [88]=Oop [112]=Oop }
                      ;*arraylength {reexecute=0 rethrow=0 return_oop=0}
                      ; - main.apps.MainApp::update@99 (line 210)
  0x00007a5a28f16600: 7cc3 3307 

  0x00007a5a28f16604: ;   {metadata({method} {0x00007a59bc501cd8} 'update' '(D)V' in 'main/apps/MainApp')}
  0x00007a5a28f16604: 49ba d81c | 50bc 597a | 0000 4c89 | 5424 0848 | c704 2464 

  0x00007a5a28f16618: ;   {runtime_call counter_overflow Runtime1 stub}
  0x00007a5a28f16618: 0000 00e8 

  0x00007a5a28f1661c: ; ImmutableOopMap {rsi=Oop rdx=Oop [88]=Oop [112]=Oop }
                      ;*if_icmplt {reexecute=1 rethrow=0 return_oop=0}
                      ; - (reexecute) main.apps.MainApp::update@100 (line 210)
  0x00007a5a28f1661c: 6024 3407 | e94e f9ff 

  0x00007a5a28f16624: ;   {runtime_call throw_null_pointer_exception Runtime1 stub}
  0x00007a5a28f16624: ffe8 56c3 

  0x00007a5a28f16628: ; ImmutableOopMap {rsi=Oop rdx=Oop [88]=Oop [112]=Oop }
                      ;*baload {reexecute=0 rethrow=0 return_oop=0}
                      ; - main.apps.MainApp::update@55 (line 212)
                      ;   {runtime_call throw_null_pointer_exception Runtime1 stub}
  0x00007a5a28f16628: 3307 e851 

  0x00007a5a28f1662c: ; ImmutableOopMap {rsi=Oop rdx=Oop [88]=Oop [112]=Oop }
                      ;*baload {reexecute=0 rethrow=0 return_oop=0}
                      ; - main.apps.MainApp::update@55 (line 212)
  0x00007a5a28f1662c: c333 0748 | c704 2455 | 0100 0048 | 8954 2408 

  0x00007a5a28f1663c: ;   {runtime_call throw_range_check_failed Runtime1 stub}
  0x00007a5a28f1663c: e83f ba33 

  0x00007a5a28f16640: ; ImmutableOopMap {rsi=Oop rdx=Oop [88]=Oop [112]=Oop }
                      ;*baload {reexecute=0 rethrow=0 return_oop=0}
                      ; - main.apps.MainApp::update@55 (line 212)
                      ;   {runtime_call throw_null_pointer_exception Runtime1 stub}
  0x00007a5a28f16640: 07e8 3ac3 

  0x00007a5a28f16644: ; ImmutableOopMap {rax=Oop rsi=Oop rbx=Oop [88]=Oop [112]=Oop }
                      ;*iaload {reexecute=0 rethrow=0 return_oop=0}
                      ; - main.apps.MainApp::update@80 (line 215)
                      ;   {runtime_call throw_null_pointer_exception Runtime1 stub}
  0x00007a5a28f16644: 3307 e835 

  0x00007a5a28f16648: ; ImmutableOopMap {rax=Oop rsi=Oop rbx=Oop [88]=Oop [112]=Oop }
                      ;*iaload {reexecute=0 rethrow=0 return_oop=0}
                      ; - main.apps.MainApp::update@80 (line 215)
  0x00007a5a28f16648: c333 0748 | c704 2400 | 0000 0048 | 8944 2408 

  0x00007a5a28f16658: ;   {runtime_call throw_range_check_failed Runtime1 stub}
  0x00007a5a28f16658: e823 ba33 

  0x00007a5a28f1665c: ; ImmutableOopMap {rax=Oop rsi=Oop rbx=Oop [88]=Oop [112]=Oop }
                      ;*iaload {reexecute=0 rethrow=0 return_oop=0}
                      ; - main.apps.MainApp::update@80 (line 215)
  0x00007a5a28f1665c: 0748 c704 | 2401 0000 | 0048 8944 

  0x00007a5a28f16668: ;   {runtime_call throw_range_check_failed Runtime1 stub}
  0x00007a5a28f16668: 2408 e811 

  0x00007a5a28f1666c: ; ImmutableOopMap {rax=Oop rsi=Oop rbx=Oop [88]=Oop [112]=Oop }
                      ;*iaload {reexecute=0 rethrow=0 return_oop=0}
                      ; - main.apps.MainApp::update@84 (line 215)
                      ;   {runtime_call throw_null_pointer_exception Runtime1 stub}
  0x00007a5a28f1666c: ba33 07e8 

  0x00007a5a28f16670: ; ImmutableOopMap {rax=Oop rsi=Oop rbx=Oop [88]=Oop [112]=Oop }
                      ;*invokevirtual mouseDragged {reexecute=0 rethrow=0 return_oop=0}
                      ; - main.apps.MainApp::update@87 (line 215)
  0x00007a5a28f16670: 0cc3 3307 | 48c7 0424 | 0100 0000 | 4889 5424 

  0x00007a5a28f16680: ;   {runtime_call throw_range_check_failed Runtime1 stub}
  0x00007a5a28f16680: 08e8 fab9 

  0x00007a5a28f16684: ; ImmutableOopMap {rdx=Oop [88]=Oop [112]=Oop }
                      ;*baload {reexecute=0 rethrow=0 return_oop=0}
                      ; - main.apps.MainApp::update@108 (line 221)
                      ;   {runtime_call throw_null_pointer_exception Runtime1 stub}
  0x00007a5a28f16684: 3307 e8f5 

  0x00007a5a28f16688: ; ImmutableOopMap {rsi=Oop rdx=Oop [88]=Oop [112]=Oop }
                      ;*baload {reexecute=0 rethrow=0 return_oop=0}
                      ; - main.apps.MainApp::update@119 (line 221)
                      ;   {runtime_call throw_null_pointer_exception Runtime1 stub}
  0x00007a5a28f16688: c233 07e8 

  0x00007a5a28f1668c: ; ImmutableOopMap {rsi=Oop rdx=Oop [88]=Oop [112]=Oop }
                      ;*baload {reexecute=0 rethrow=0 return_oop=0}
                      ; - main.apps.MainApp::update@119 (line 221)
  0x00007a5a28f1668c: f0c2 3307 | 48c7 0424 | 5501 0000 | 4889 5424 

  0x00007a5a28f1669c: ;   {runtime_call throw_range_check_failed Runtime1 stub}
  0x00007a5a28f1669c: 08e8 deb9 

  0x00007a5a28f166a0: ; ImmutableOopMap {rsi=Oop rdx=Oop [88]=Oop [112]=Oop }
                      ;*baload {reexecute=0 rethrow=0 return_oop=0}
                      ; - main.apps.MainApp::update@119 (line 221)
  0x00007a5a28f166a0: 3307 488b 

  0x00007a5a28f166a4: ;   {runtime_call fast_new_instance Runtime1 stub}
  0x00007a5a28f166a4: d2e8 d6cb 

  0x00007a5a28f166a8: ; ImmutableOopMap {rbx=Oop [88]=Oop [112]=Oop }
                      ;*new {reexecute=0 rethrow=0 return_oop=0}
                      ; - main.apps.MainApp::update@135 (line 226)
  0x00007a5a28f166a8: 3307 e9c0 

  0x00007a5a28f166ac: ;   {metadata({method} {0x00007a59bc5c52f8} '<init>' '(Lsutil/math/SVector;)V' in 'sutil/math/SVector')}
  0x00007a5a28f166ac: fbff ff49 | baf8 525c | bc59 7a00 | 004c 8954 | 2408 48c7 | 0424 ffff 

  0x00007a5a28f166c4: ;   {runtime_call counter_overflow Runtime1 stub}
  0x00007a5a28f166c4: ffff e8b5 

  0x00007a5a28f166c8: ; ImmutableOopMap {rbx=Oop rax=Oop rdi=Oop [88]=Oop [112]=Oop }
                      ;*synchronization entry
                      ; - sutil.math.SVector::<init>@-1 (line 20)
                      ; - main.apps.MainApp::update@143 (line 226)
  0x00007a5a28f166c8: 2334 07e9 | defb ffff 

  0x00007a5a28f166d0: ;   {runtime_call throw_null_pointer_exception Runtime1 stub}
  0x00007a5a28f166d0: e8ab c233 

  0x00007a5a28f166d4: ; ImmutableOopMap {rax=Oop rsi=Oop rdi=Oop [88]=Oop [112]=Oop }
                      ;*invokevirtual add {reexecute=0 rethrow=0 return_oop=0}
                      ; - main.apps.MainApp::update@161 (line 227)
                      ;   {runtime_call throw_null_pointer_exception Runtime1 stub}
  0x00007a5a28f166d4: 07e8 a6c2 

  0x00007a5a28f166d8: ; ImmutableOopMap {rsi=Oop rdx=Oop [88]=Oop [112]=Oop }
                      ;*invokevirtual getRGB {reexecute=0 rethrow=0 return_oop=0}
                      ; - main.apps.MainApp::update@177 (line 231)
                      ;   {runtime_call throw_null_pointer_exception Runtime1 stub}
  0x00007a5a28f166d8: 3307 e8a1 

  0x00007a5a28f166dc: ; ImmutableOopMap {rsi=Oop rdx=Oop [88]=Oop [112]=Oop }
                      ;*invokevirtual getRGB {reexecute=0 rethrow=0 return_oop=0}
                      ; - main.apps.MainApp::update@191 (line 233)
                      ;   {metadata({method} {0x00007a59bc503108} 'getImage' '()Lmain/Image;' in 'main/apps/MainApp')}
  0x00007a5a28f166dc: c233 0749 | ba08 3150 | bc59 7a00 | 004c 8954 | 2408 48c7 | 0424 ffff 

  0x00007a5a28f166f4: ;   {runtime_call counter_overflow Runtime1 stub}
  0x00007a5a28f166f4: ffff e885 

  0x00007a5a28f166f8: ; ImmutableOopMap {rsi=Oop [88]=Oop [112]=Oop }
                      ;*synchronization entry
                      ; - main.apps.MainApp::getImage@-1 (line 461)
                      ; - main.apps.MainApp::update@198 (line 237)
  0x00007a5a28f166f8: 2334 07e9 | 9ffd ffff 

  0x00007a5a28f16700: ;   {runtime_call throw_null_pointer_exception Runtime1 stub}
  0x00007a5a28f16700: e87b c233 

  0x00007a5a28f16704: ; ImmutableOopMap {rsi=Oop rdx=Oop [88]=Oop [112]=Oop }
                      ;*invokevirtual getImage {reexecute=0 rethrow=0 return_oop=0}
                      ; - main.apps.MainApp::getImage@4 (line 461)
                      ; - main.apps.MainApp::update@198 (line 237)
                      ;   {runtime_call throw_null_pointer_exception Runtime1 stub}
  0x00007a5a28f16704: 07e8 76c2 

  0x00007a5a28f16708: ; ImmutableOopMap {rsi=Oop rdi=Oop [88]=Oop [112]=Oop }
                      ;*invokevirtual updateOpenGLTexture {reexecute=0 rethrow=0 return_oop=0}
                      ; - main.apps.MainApp::update@201 (line 237)
                      ;   {metadata({method} {0x00007a59bc7050a8} 'updateOpenGLTexture' '()V' in 'main/Image')}
  0x00007a5a28f16708: 3307 49ba | a850 70bc | 597a 0000 | 4c89 5424 | 0848 c704 | 24ff ffff 

  0x00007a5a28f16720: ;   {runtime_call counter_overflow Runtime1 stub}
  0x00007a5a28f16720: ffe8 5a23 

  0x00007a5a28f16724: ; ImmutableOopMap {rsi=Oop rdi=Oop [88]=Oop [112]=Oop }
                      ;*synchronization entry
                      ; - main.Image::updateOpenGLTexture@-1 (line 41)
                      ; - main.apps.MainApp::update@201 (line 237)
  0x00007a5a28f16724: 3407 e9e2 

  0x00007a5a28f16728: ;   {internal_word}
  0x00007a5a28f16728: fdff ff49 | ba7c 65f1 | 285a 7a00 | 004d 8997 | 7004 0000 

  0x00007a5a28f1673c: ;   {runtime_call SafepointBlob}
  0x00007a5a28f1673c: e9bf 5827 | 0749 8b87 | 0805 0000 | 49c7 8708 | 0500 0000 | 0000 0049 | c787 1005 | 0000 0000 
  0x00007a5a28f1675c: 0000 4881 | c4b0 0000 

  0x00007a5a28f16764: ;   {runtime_call unwind_exception Runtime1 stub}
  0x00007a5a28f16764: 005d e915 | b333 07f4 | f4f4 f4f4 
[Stub Code]
  0x00007a5a28f16770: ;   {no_reloc}
  0x00007a5a28f16770: 0f1f 4400 

  0x00007a5a28f16774: ;   {static_stub}
  0x00007a5a28f16774: 0048 bb70 | 3740 bc59 

  0x00007a5a28f1677c: ;   {runtime_call I2C/C2I adapters}
  0x00007a5a28f1677c: 7a00 00e9 | 64a7 2807 

  0x00007a5a28f16784: ;   {static_stub}
  0x00007a5a28f16784: 9048 bb00 | 0000 0000 

  0x00007a5a28f1678c: ;   {runtime_call}
  0x00007a5a28f1678c: 0000 00e9 | fbff ffff 

  0x00007a5a28f16794: ;   {static_stub}
  0x00007a5a28f16794: 9048 bb00 | 0000 0000 

  0x00007a5a28f1679c: ;   {runtime_call}
  0x00007a5a28f1679c: 0000 00e9 | fbff ffff 

  0x00007a5a28f167a4: ;   {static_stub}
  0x00007a5a28f167a4: 9048 bb00 | 0000 0000 

  0x00007a5a28f167ac: ;   {runtime_call}
  0x00007a5a28f167ac: 0000 00e9 | fbff ffff 

  0x00007a5a28f167b4: ;   {static_stub}
  0x00007a5a28f167b4: 9048 bb00 | 0000 0000 

  0x00007a5a28f167bc: ;   {runtime_call}
  0x00007a5a28f167bc: 0000 00e9 | fbff ffff 

  0x00007a5a28f167c4: ;   {static_stub}
  0x00007a5a28f167c4: 9048 bb00 | 0000 0000 

  0x00007a5a28f167cc: ;   {runtime_call}
  0x00007a5a28f167cc: 0000 00e9 | fbff ffff 

  0x00007a5a28f167d4: ;   {static_stub}
  0x00007a5a28f167d4: 48bb 0000 | 0000 0000 

  0x00007a5a28f167dc: ;   {runtime_call}
  0x00007a5a28f167dc: 0000 e9fb 

  0x00007a5a28f167e0: ;   {static_stub}
  0x00007a5a28f167e0: ffff ff48 | bb00 0000 | 0000 0000 

  0x00007a5a28f167ec: ;   {runtime_call}
  0x00007a5a28f167ec: 00e9 fbff 

  0x00007a5a28f167f0: ;   {static_stub}
  0x00007a5a28f167f0: ffff 48bb | 0000 0000 | 0000 0000 

  0x00007a5a28f167fc: ;   {runtime_call}
  0x00007a5a28f167fc: e9fb ffff 

  0x00007a5a28f16800: ;   {static_stub}
  0x00007a5a28f16800: ff48 bb00 | 0000 0000 

  0x00007a5a28f16808: ;   {runtime_call}
  0x00007a5a28f16808: 0000 00e9 | fbff ffff 
[Exception Handler]
  0x00007a5a28f16810: ;   {runtime_call handle_exception_from_callee Runtime1 stub}
  0x00007a5a28f16810: e8eb e333 

  0x00007a5a28f16814: ;   {external_word}
  0x00007a5a28f16814: 0748 bf1c | 4566 455a | 7a00 0048 