#
# A fatal error has been detected by the Java Runtime Environment:
#
#  SIGSEGV (0xb) at pc=0x00007c3086bfab45, pid=40984, tid=40985
#
# JRE version: Java(TM) SE Runtime Environment (22.0.1+8) (build 22.0.1+8-16)
# Java VM: Java HotSpot(TM) 64-Bit Server VM (22.0.1+8-16, mixed mode, sharing, tiered, compressed oops, compressed class ptrs, g1 gc, linux-amd64)
# Problematic frame:
# C  [radeonsi_dri.so+0xdfab45]
#
# Core dump will be written. Default location: Core dumps may be processed with "/lib/systemd/systemd-coredump %P %u %g %s %t 9223372036854775808 %h" (or dumping to /home/simon/code/java/SLPaint/core.40984)
#
# If you would like to submit a bug report, please visit:
#   https://bugreport.java.com/bugreport/crash.jsp
# The crash happened outside the Java Virtual Machine in native code.
# See problematic frame for where to report the bug.
#

---------------  S U M M A R Y ------------

Command Line: -agentlib:jdwp=transport=dt_socket,server=n,suspend=y,address=localhost:46149 -XX:+ShowCodeDetailsInExceptionMessages main.MainLoop

Host: AMD Ryzen 5 7520U with Radeon Graphics, 8 cores, 6G, Linux Mint 21.3 Virginia
Time: Sun Dec 29 22:47:18 2024 CET elapsed time: 429.028240 seconds (0d 0h 7m 9s)

---------------  T H R E A D  ---------------

Current thread (0x00007c30b402ca40):  JavaThread "main"             [_thread_in_native, id=40985, stack(0x00007c30b9d00000,0x00007c30b9e00000) (1024K)]

Stack: [0x00007c30b9d00000,0x00007c30b9e00000],  sp=0x00007c30b9dfd2f8,  free space=1012k
Native frames: (J=compiled Java code, j=interpreted, Vv=VM code, C=native code)
C  [radeonsi_dri.so+0xdfab45]
Java frames: (J=compiled Java code, j=interpreted, Vv=VM code)
J 1629  org.lwjgl.system.JNI.invokePV(JJ)V (0 bytes) @ 0x00007c30a479cbfc [0x00007c30a479cba0+0x000000000000005c]
J 2152 c2 renderEngine.Window.updateDisplay()V (101 bytes) @ 0x00007c30a4857a34 [0x00007c30a4857540+0x00000000000004f4]
J 2315% c1 main.MainLoop.main([Ljava/lang/String;)V (218 bytes) @ 0x00007c309cf5473c [0x00007c309cf53500+0x000000000000123c]
v  ~StubRoutines::call_stub 0x00007c30a4137cc6

siginfo: si_signo: 11 (SIGSEGV), si_code: 1 (SEGV_MAPERR), si_addr: 0x0000000000000040

Registers:
RAX=0x00007c30b53fc5b0, RBX=0x00007c30b5780e80, RCX=0x0000000000000001, RDX=0x0000000000000000
RSP=0x00007c30b9dfd2f8, RBP=0x00007c3090000000, RSI=0x0000000000000000, RDI=0x00007c30b5780e80
R8 =0x0000000000000002, R9 =0x0000000000000000, R10=0x0000000000000010, R11=0x00000000c0012d00
R12=0x0000000000000002, R13=0x0000000000000091, R14=0x0000000000000000, R15=0x0000000000000000
RIP=0x00007c3086bfab45, EFLAGS=0x0000000000010202, CSGSFS=0x002b000000000033, ERR=0x0000000000000004
  TRAPNO=0x000000000000000e


Register to memory mapping:

RAX=0x00007c30b53fc5b0 points into unknown readable memory: 0x0000000000000000 | 00 00 00 00 00 00 00 00
RBX=0x00007c30b5780e80 points into unknown readable memory: 0x00007c30b47e8820 | 20 88 7e b4 30 7c 00 00
RCX=0x0000000000000001 is an unknown value
RDX=0x0 is null
RSP=0x00007c30b9dfd2f8 is pointing into the stack for thread: 0x00007c30b402ca40
RBP=0x00007c3090000000 points into unknown readable memory: 0x80000000c0012800 | 00 28 01 c0 00 00 00 80
RSI=0x0 is null
RDI=0x00007c30b5780e80 points into unknown readable memory: 0x00007c30b47e8820 | 20 88 7e b4 30 7c 00 00
R8 =0x0000000000000002 is an unknown value
R9 =0x0 is null
R10=0x0000000000000010 is an unknown value
R11=0x00000000c0012d00 is an unallocated location in the heap
R12=0x0000000000000002 is an unknown value
R13=0x0000000000000091 is an unknown value
R14=0x0 is null
R15=0x0 is null

Top of Stack: (sp=0x00007c30b9dfd2f8)
0x00007c30b9dfd2f8:   00007c3086c17429 00000003b5780e80
0x00007c30b9dfd308:   00007c30b593f2a0 00000000ffffffff
0x00007c30b9dfd318:   0000000000000000 00007c30b5781360
0x00007c30b9dfd328:   00007c3000000001 00007c30b9dfd3c4
0x00007c30b9dfd338:   0000000000000000 0000000100000000
0x00007c30b9dfd348:   000001c8b8e2e000 00007c3000000000
0x00007c30b9dfd358:   0000000000000000 00000000006cfed6
0x00007c30b9dfd368:   3ebac5ef998d8600 0000000000000785
0x00007c30b9dfd378:   00007c30b593f298 00007c30b593f400
0x00007c30b9dfd388:   00007c30b5780e80 00007c3087cbd720
0x00007c30b9dfd398:   00007c30b5780e80 00007c30b593f138
0x00007c30b9dfd3a8:   00007c3086469cb6 0000000000000001
0x00007c30b9dfd3b8:   00000000ffffffff 0000000000000400
0x00007c30b9dfd3c8:   00007c3000000001 00007c30b5780e80
0x00007c30b9dfd3d8:   0000000000000200 0000000000000200
0x00007c30b9dfd3e8:   00007c2fb809e420 0000000000000000
0x00007c30b9dfd3f8:   00007c3086691375 0000000000042000
0x00007c30b9dfd408:   00007c30b5780e80 0000000000000009
0x00007c30b9dfd418:   0000000000000200 00007c3086bfab25
0x00007c30b9dfd428:   00007c3086c17429 0000000000000000
0x00007c30b9dfd438:   00007c30b593cfc8 0000000000000000
0x00007c30b9dfd448:   0000000000000000 00007c30b5781360
0x00007c30b9dfd458:   0000000000000001 00007c30b9dfd4f4
0x00007c30b9dfd468:   0000000000000000 0000000100000000
0x00007c30b9dfd478:   0000105100000000 0000000000000000
0x00007c30b9dfd488:   0000000000000000 0000000000000000
0x00007c30b9dfd498:   3ebac5ef998d8600 0000000000000050
0x00007c30b9dfd4a8:   00007c30b9dfd4f0 0000000000000004
0x00007c30b9dfd4b8:   00007c30b94d3520 00007c3087cbd720
0x00007c30b9dfd4c8:   00007c30b8f73db8 00007c30b9dfe9b0
0x00007c30b9dfd4d8:   00007c30b9dfe900 0000000000000000
0x00007c30b9dfd4e8:   00007c30b95d0e96 00007c30b9dfd5e0 

Instructions: (pc=0x00007c3086bfab45)
0x00007c3086bfaa45:   31 c0 66 89 87 44 08 00 00 eb d3 48 8b 87 78 09
0x00007c3086bfaa55:   00 00 48 8b 90 80 01 00 00 48 8b b0 88 01 00 00
0x00007c3086bfaa65:   8b 52 40 e8 13 fd ff ff 41 83 e2 40 74 a7 eb b3
0x00007c3086bfaa75:   0f 1f 00 48 8b 87 70 09 00 00 48 8b 90 80 01 00
0x00007c3086bfaa85:   00 48 8b b0 88 01 00 00 8b 52 40 e8 eb fc ff ff
0x00007c3086bfaa95:   41 f6 c2 20 0f 84 75 ff ff ff eb af 0f 1f 80 00
0x00007c3086bfaaa5:   00 00 00 48 8b 87 60 09 00 00 48 8b 90 80 01 00
0x00007c3086bfaab5:   00 48 8b b0 88 01 00 00 8b 52 40 e8 bb fc ff ff
0x00007c3086bfaac5:   41 f6 c2 10 0f 84 3f ff ff ff eb a7 66 2e 0f 1f
0x00007c3086bfaad5:   84 00 00 00 00 00 0f 1f 44 00 00 44 0f b7 97 44
0x00007c3086bfaae5:   08 00 00 66 45 85 d2 74 15 41 f6 c2 10 75 3c 41
0x00007c3086bfaaf5:   83 e2 40 75 0e 31 c0 66 89 87 44 08 00 00 c3 0f
0x00007c3086bfab05:   1f 40 00 48 8b 87 80 09 00 00 48 8b 90 80 01 00
0x00007c3086bfab15:   00 48 8b b0 88 01 00 00 8b 52 40 e8 5b fc ff ff
0x00007c3086bfab25:   31 c0 66 89 87 44 08 00 00 eb d3 48 8b 87 70 09
0x00007c3086bfab35:   00 00 48 8b 90 80 01 00 00 48 8b b0 88 01 00 00
0x00007c3086bfab45:   8b 52 40 e8 33 fc ff ff 41 83 e2 40 74 a7 eb b3
0x00007c3086bfab55:   66 2e 0f 1f 84 00 00 00 00 00 90 44 0f b7 97 44
0x00007c3086bfab65:   08 00 00 66 45 85 d2 74 1b 41 f6 c2 04 75 74 41
0x00007c3086bfab75:   f6 c2 10 75 46 41 83 e2 40 75 10 31 c0 66 89 87
0x00007c3086bfab85:   44 08 00 00 c3 66 0f 1f 44 00 00 48 8b 87 80 09
0x00007c3086bfab95:   00 00 48 8b 90 80 01 00 00 48 8b b0 88 01 00 00
0x00007c3086bfaba5:   8b 52 40 e8 d3 fb ff ff 31 c0 66 89 87 44 08 00
0x00007c3086bfabb5:   00 eb d1 0f 1f 84 00 00 00 00 00 48 8b 87 70 09
0x00007c3086bfabc5:   00 00 48 8b 90 80 01 00 00 48 8b b0 88 01 00 00
0x00007c3086bfabd5:   8b 52 40 e8 a3 fb ff ff 41 83 e2 40 74 9d eb ab
0x00007c3086bfabe5:   0f 1f 00 48 8b 87 60 09 